<?xml version="1.0" encoding="UTF-8"?>
<testng-results ignored="0" total="1" passed="1" failed="0" skipped="0">
  <reporter-output>
  </reporter-output>
  <suite started-at="2024-10-08T00:33:13 IST" name="Default suite" finished-at="2024-10-08T00:33:39 IST" duration-ms="25915">
    <groups>
    </groups>
    <test started-at="2024-10-08T00:33:13 IST" name="Default test" finished-at="2024-10-08T00:33:39 IST" duration-ms="25915">
      <class name="testCases.OrangeHRM_workflow_from_login_to_logout">
        <test-method is-config="true" signature="openTheApplication()[pri:0, instance:testCases.OrangeHRM_workflow_from_login_to_logout@20f5239f]" started-at="2024-10-08T00:33:13 IST" name="openTheApplication" finished-at="2024-10-08T00:33:18 IST" duration-ms="5135" status="PASS">
          <reporter-output>
          </reporter-output>
        </test-method> <!-- openTheApplication -->
        <test-method signature="workflow()[pri:0, instance:testCases.OrangeHRM_workflow_from_login_to_logout@20f5239f]" started-at="2024-10-08T00:33:18 IST" name="workflow" finished-at="2024-10-08T00:33:35 IST" duration-ms="16335" status="PASS">
          <reporter-output>
          </reporter-output>
        </test-method> <!-- workflow -->
        <test-method is-config="true" signature="closeTheApplication()[pri:0, instance:testCases.OrangeHRM_workflow_from_login_to_logout@20f5239f]" started-at="2024-10-08T00:33:35 IST" name="closeTheApplication" finished-at="2024-10-08T00:33:39 IST" duration-ms="4384" status="PASS">
          <reporter-output>
          </reporter-output>
        </test-method> <!-- closeTheApplication -->
      </class> <!-- testCases.OrangeHRM_workflow_from_login_to_logout -->
    </test> <!-- Default test -->
  </suite> <!-- Default suite -->
</testng-results>
